INFO     | =======================================================
INFO     | Preprocessing: ensuring dataset split ...
INFO     | [preprocess] Split data already exists. Skipping split.
INFO     | Preprocessing: validating dataset directories …
INFO     | [preprocess] train: 4 classes found in 'D:\Downloads\grain-analyzer\ML_Pipeline\data\processed\train'.
INFO     | [preprocess] val: 4 classes found in 'D:\Downloads\grain-analyzer\ML_Pipeline\data\processed\val'.
INFO     | [preprocess] test: 4 classes found in 'D:\Downloads\grain-analyzer\ML_Pipeline\data\processed\test'.
INFO     | Discovering training classes …
INFO     |   Class 'Broken': 300 images total in dataset split.
INFO     |   Class 'Chalky': 300 images total in dataset split.
INFO     |   Class 'Discolored': 300 images total in dataset split.
INFO     |   Class 'Normal': 300 images total in dataset split.
INFO     | Discovering validation classes …
INFO     |   Class 'Broken': 4 images total in dataset split.
INFO     |   Class 'Chalky': 4 images total in dataset split.
INFO     |   Class 'Discolored': 4 images total in dataset split.
INFO     |   Class 'Normal': 4 images total in dataset split.
INFO     | Discovering test classes …
INFO     |   Class 'Broken': 6 images total in dataset split.
INFO     |   Class 'Chalky': 6 images total in dataset split.
INFO     |   Class 'Discolored': 6 images total in dataset split.
INFO     |   Class 'Normal': 6 images total in dataset split.
INFO     | Total classes: 4  ->  ['Broken', 'Chalky', 'Discolored', 'Normal']
INFO     | Advanced augmentation enabled for training set.
INFO     | Evaluating on data from: D:\Downloads\grain-analyzer\ML_Pipeline\data\processed\val
INFO     |   Class 'Broken': 4 images total in dataset split.
INFO     |   Class 'Chalky': 4 images total in dataset split.
INFO     |   Class 'Discolored': 4 images total in dataset split.
INFO     |   Class 'Normal': 4 images total in dataset split.
INFO     | Dataset created: 16 samples, 4 classes.
INFO     | DataLoaders ready — train: 0 batches | val: 1 batches | test: 1 batches
INFO     | Loading pretrained model: 'resnet50' …
INFO     | Model 'resnet50' ready — total params: 23,516,228 | trainable: 23,516,228 | output classes: 4
INFO     | =======================================================
INFO     | Running inference on test set …
INFO     | Test inference complete — samples: 16 | accuracy: 100.00% | mean confidence: 0.8655
INFO     | 
Classification Report:
              precision    recall  f1-score   support

      Broken     1.0000    1.0000    1.0000         4
      Chalky     1.0000    1.0000    1.0000         4
  Discolored     1.0000    1.0000    1.0000         4
      Normal     1.0000    1.0000    1.0000         4

    accuracy                         1.0000        16
   macro avg     1.0000    1.0000    1.0000        16
weighted avg     1.0000    1.0000    1.0000        16

INFO     | Per-class metrics CSV saved.
INFO     | Summary — Acc: 1.0000 | Macro-F1: 1.0000 | Weighted-F1: 1.0000
