INFO     | =======================================================
INFO     | Preprocessing: ensuring dataset split ...
INFO     | [preprocess] Split data already exists. Skipping split.
INFO     | Preprocessing: validating dataset directories …
INFO     | [preprocess] train: 4 classes found in 'D:\Downloads\grain-analyzer\ML_Pipeline\data\processed\train'.
INFO     | [preprocess] val: 4 classes found in 'D:\Downloads\grain-analyzer\ML_Pipeline\data\processed\val'.
INFO     | [preprocess] test: 4 classes found in 'D:\Downloads\grain-analyzer\ML_Pipeline\data\processed\test'.
INFO     | Discovering training classes …
INFO     |   Class 'Broken': 300 images total in dataset split.
INFO     |   Class 'Chalky': 300 images total in dataset split.
INFO     |   Class 'Discolored': 300 images total in dataset split.
INFO     |   Class 'Normal': 300 images total in dataset split.
INFO     | Discovering validation classes …
INFO     |   Class 'Broken': 4 images total in dataset split.
INFO     |   Class 'Chalky': 4 images total in dataset split.
INFO     |   Class 'Discolored': 4 images total in dataset split.
INFO     |   Class 'Normal': 4 images total in dataset split.
INFO     | Discovering test classes …
INFO     |   Class 'Broken': 6 images total in dataset split.
INFO     |   Class 'Chalky': 6 images total in dataset split.
INFO     |   Class 'Discolored': 6 images total in dataset split.
INFO     |   Class 'Normal': 6 images total in dataset split.
INFO     | Total classes: 4  ->  ['Broken', 'Chalky', 'Discolored', 'Normal']
INFO     | Advanced augmentation enabled for training set.
INFO     | Evaluating on data from: D:\Downloads\grain-analyzer\ML_Pipeline\data\processed\test
INFO     |   Class 'Broken': 6 images total in dataset split.
INFO     |   Class 'Chalky': 6 images total in dataset split.
INFO     |   Class 'Discolored': 6 images total in dataset split.
INFO     |   Class 'Normal': 6 images total in dataset split.
INFO     | Dataset created: 24 samples, 4 classes.
INFO     | DataLoaders ready — train: 0 batches | val: 1 batches | test: 1 batches
INFO     | Loading pretrained model: 'resnet50' …
INFO     | Model 'resnet50' ready — total params: 23,516,228 | trainable: 23,516,228 | output classes: 4
INFO     | =======================================================
INFO     | Running inference on test set …
INFO     | Test inference complete — samples: 24 | accuracy: 95.83% | mean confidence: 0.8697
INFO     | 
Classification Report:
              precision    recall  f1-score   support

      Broken     1.0000    1.0000    1.0000         6
      Chalky     1.0000    0.8333    0.9091         6
  Discolored     1.0000    1.0000    1.0000         6
      Normal     0.8571    1.0000    0.9231         6

    accuracy                         0.9583        24
   macro avg     0.9643    0.9583    0.9580        24
weighted avg     0.9643    0.9583    0.9580        24

INFO     | Per-class metrics CSV saved.
INFO     | Summary — Acc: 0.9583 | Macro-F1: 0.9580 | Weighted-F1: 0.9580
